Build started 22/01/2018 22:03:01.
     1>Project "C:\MoogDotsAllVersions\WorkingVersion\MOOG_DOOTS_REALLOCATED_VER\Adam\Adam\MoogDots -- Human Moog - Curve Screen55\Dependencies\LPTInterfaceTest\LPTInterfaceTest\LPTInterfaceTest.vcxproj" on node 2 (Build target(s)).
     1>ClCompile:
         C:\Program Files (x86)\Microsoft Visual Studio 12.0\VC\bin\CL.exe /c /ZI /nologo /W3 /WX- /sdl /Od /Oy- /D WIN32 /D _DEBUG /D _CONSOLE /D _LIB /D _UNICODE /D UNICODE /Gm /EHsc /RTC1 /MDd /GS /fp:precise /Zc:wchar_t /Zc:forScope /Yu"stdafx.h" /Fp"Debug\LPTInterfaceTest.pch" /Fo"Debug\\" /Fd"Debug\vc120.pdb" /Gd /TP /analyze- /errorReport:prompt LPTInterfaceTest.cpp
         LPTInterfaceTest.cpp
     1>c:\moogdotsallversions\workingversion\moog_doots_reallocated_ver\adam\adam\moogdots -- human moog - curve screen55\dependencies\lptinterfacetest\lptinterfacetest\lptinterfacetest.cpp(5): fatal error C1083: Cannot open include file: 'LPTController.h': No such file or directory
     1>Done Building Project "C:\MoogDotsAllVersions\WorkingVersion\MOOG_DOOTS_REALLOCATED_VER\Adam\Adam\MoogDots -- Human Moog - Curve Screen55\Dependencies\LPTInterfaceTest\LPTInterfaceTest\LPTInterfaceTest.vcxproj" (Build target(s)) -- FAILED.

Build FAILED.

Time Elapsed 00:00:00.25
